<?xml version="1.0" encoding="UTF-8"?>
<!-- Generated by org.testng.reporters.JUnitXMLReporter -->
<testsuite ignored="2" hostname="DESKTOP-B0DD0C2" failures="0" tests="1" name="Default test" time="3.697" errors="0" timestamp="2024-08-22T14:28:10 IST">
  <testcase classname="TestScript.CartPageTest" name="validateContinueShoppingFunctionality" time="1.33"/>
  <testcase classname="TestScript.CartPageTest" name="ValidateCheckoutFunctionality" time="0.0">
    <ignored/>
  </testcase> <!-- ValidateCheckoutFunctionality -->
  <testcase classname="TestScript.CartPageTest" name="validateLoginPage_Labels" time="0.0">
    <ignored/>
  </testcase> <!-- validateLoginPage_Labels -->
</testsuite> <!-- Default test -->
