<?xml version="1.0" encoding="UTF-8"?>
<!-- Generated by org.testng.reporters.JUnitXMLReporter -->
<testsuite ignored="2" hostname="DESKTOP-B0DD0C2" failures="0" tests="1" name="Default test" time="3.683" errors="0" timestamp="2024-08-22T17:21:48 IST">
  <testcase classname="TestScript.CartPageTest" name="validateProductAddedToCart" time="0.935"/>
  <testcase classname="TestScript.CartPageTest" name="validateContinueShoppingFunctionality" time="0.0">
    <ignored/>
  </testcase> <!-- validateContinueShoppingFunctionality -->
  <testcase classname="TestScript.CartPageTest" name="ValidateCheckoutFunctionality" time="0.0">
    <ignored/>
  </testcase> <!-- ValidateCheckoutFunctionality -->
</testsuite> <!-- Default test -->
