<?xml version="1.0" encoding="UTF-8"?>
<!-- Generated by org.testng.reporters.JUnitXMLReporter -->
<testsuite ignored="5" hostname="DESKTOP-B0DD0C2" failures="1" tests="10" name="TestEx" time="30.646" errors="0" timestamp="2024-08-22T17:47:36 IST">
  <testcase classname="TestScript.LoginPageTest" name="validateLoginButtonIsDisplayed" time="1.892"/>
  <testcase classname="TestScript.LoginPageTest" name="validateLoginPage_Labels" time="2.674">
    <failure type="java.lang.AssertionError" message="expected [wag Labs] but found [Swag Labs]">
      <![CDATA[java.lang.AssertionError: expected [wag Labs] but found [Swag Labs]
at action.Action.equal(Action.java:38)
at Page.LoginPageObject.validateLoginPageHeading(LoginPageObject.java:64)
at TestScript.LoginPageTest.validateLoginPage_Labels(LoginPageTest.java:35)
at java.base/java.util.concurrent.Executors$RunnableAdapter.call(Executors.java:539)
at java.base/java.util.concurrent.FutureTask.run(FutureTask.java:264)
at java.base/java.util.concurrent.ThreadPoolExecutor.runWorker(ThreadPoolExecutor.java:1136)
at java.base/java.util.concurrent.ThreadPoolExecutor$Worker.run(ThreadPoolExecutor.java:635)
at java.base/java.lang.Thread.run(Thread.java:833)
... Removed 19 stack frames]]>
    </failure>
  </testcase> <!-- validateLoginPage_Labels -->
  <testcase classname="TestScript.CartPageTest" name="validateProductAddedToCart" time="7.737"/>
  <testcase classname="TestScript.ProductPageTest" name="validateAddToCart" time="5.246"/>
  <testcase classname="TestScript.ProductPageTest" name="validateISProductDisplayed" time="6.168"/>
  <testcase classname="TestScript.CartPageTest" name="validateContinueShoppingFunctionality" time="9.854"/>
  <testcase classname="TestScript.ProductPageTest" name="validatePrizeSection" time="6.816"/>
  <testcase classname="TestScript.ProductPageTest" name="addProductToCart" time="10.299"/>
  <testcase classname="TestScript.CartPageTest" name="ValidateCheckoutFunctionality" time="11.785"/>
  <testcase classname="TestScript.ProductPageTest" name="ProductPageValidation" time="14.857"/>
  <testcase classname="BaseTest.DriverSetUp" name="@BeforeSuite loadConfig" time="0.0">
    <ignored/>
  </testcase> <!-- @BeforeSuite loadConfig -->
  <testcase classname="BaseTest.DriverSetUp" name="@AfterSuite terminateconfig" time="0.0">
    <ignored/>
  </testcase> <!-- @AfterSuite terminateconfig -->
  <testcase classname="TestScript.LoginPageTest" name="validateLoginPage_login" time="0.0">
    <ignored/>
  </testcase> <!-- validateLoginPage_login -->
  <testcase classname="BaseTest.DriverSetUp" name="@BeforeSuite loadConfig" time="0.0">
    <ignored/>
  </testcase> <!-- @BeforeSuite loadConfig -->
  <testcase classname="BaseTest.DriverSetUp" name="@AfterSuite terminateconfig" time="0.0">
    <ignored/>
  </testcase> <!-- @AfterSuite terminateconfig -->
</testsuite> <!-- TestEx -->
