<?xml version="1.0" encoding="UTF-8"?>
<!-- Generated by org.testng.reporters.JUnitXMLReporter -->
<testsuite ignored="5" hostname="DESKTOP-B0DD0C2" failures="0" tests="10" name="TestEx" time="37.874" errors="0" timestamp="2024-08-22T17:29:20 IST">
  <testcase classname="TestScript.ProductPageTest" name="validatePrizeSection" time="1.565"/>
  <testcase classname="TestScript.LoginPageTest" name="validateLoginPage_Labels" time="0.789"/>
  <testcase classname="TestScript.LoginPageTest" name="validateLoginButtonIsDisplayed" time="0.634"/>
  <testcase classname="TestScript.ProductPageTest" name="validateISProductDisplayed" time="1.968"/>
  <testcase classname="TestScript.ProductPageTest" name="validateAddToCart" time="6.664"/>
  <testcase classname="TestScript.CartPageTest" name="ValidateCheckoutFunctionality" time="6.571"/>
  <testcase classname="TestScript.ProductPageTest" name="addProductToCart" time="7.116"/>
  <testcase classname="TestScript.CartPageTest" name="validateProductAddedToCart" time="8.053"/>
  <testcase classname="TestScript.CartPageTest" name="validateContinueShoppingFunctionality" time="8.295"/>
  <testcase classname="TestScript.ProductPageTest" name="ProductPageValidation" time="12.896"/>
  <testcase classname="BaseTest.DriverSetUp" name="@BeforeSuite loadConfig" time="0.0">
    <ignored/>
  </testcase> <!-- @BeforeSuite loadConfig -->
  <testcase classname="BaseTest.DriverSetUp" name="@AfterSuite terminateconfig" time="0.0">
    <ignored/>
  </testcase> <!-- @AfterSuite terminateconfig -->
  <testcase classname="TestScript.LoginPageTest" name="validateLoginPage_login" time="0.0">
    <ignored/>
  </testcase> <!-- validateLoginPage_login -->
  <testcase classname="BaseTest.DriverSetUp" name="@BeforeSuite loadConfig" time="0.0">
    <ignored/>
  </testcase> <!-- @BeforeSuite loadConfig -->
  <testcase classname="BaseTest.DriverSetUp" name="@AfterSuite terminateconfig" time="0.0">
    <ignored/>
  </testcase> <!-- @AfterSuite terminateconfig -->
</testsuite> <!-- TestEx -->
