<?xml version="1.0" encoding="UTF-8"?>
<!-- Generated by org.testng.reporters.JUnitXMLReporter -->
<testsuite ignored="5" hostname="DESKTOP-B0DD0C2" failures="0" tests="10" name="Test" time="20.443" errors="0" timestamp="2024-08-22T17:25:20 IST">
  <testcase classname="TestScript.LoginPageTest" name="validateLoginButtonIsDisplayed" time="0.372"/>
  <testcase classname="TestScript.LoginPageTest" name="validateLoginPage_Labels" time="1.215"/>
  <testcase classname="TestScript.CartPageTest" name="validateProductAddedToCart" time="3.467"/>
  <testcase classname="TestScript.CartPageTest" name="ValidateCheckoutFunctionality" time="2.243"/>
  <testcase classname="TestScript.ProductPageTest" name="ProductPageValidation" time="7.47"/>
  <testcase classname="TestScript.ProductPageTest" name="validatePrizeSection" time="1.464"/>
  <testcase classname="TestScript.ProductPageTest" name="validateISProductDisplayed" time="1.618"/>
  <testcase classname="TestScript.CartPageTest" name="validateContinueShoppingFunctionality" time="1.983"/>
  <testcase classname="TestScript.ProductPageTest" name="validateAddToCart" time="1.356"/>
  <testcase classname="TestScript.ProductPageTest" name="addProductToCart" time="0.783"/>
  <testcase classname="BaseTest.DriverSetUp" name="@BeforeSuite loadConfig" time="0.0">
    <ignored/>
  </testcase> <!-- @BeforeSuite loadConfig -->
  <testcase classname="BaseTest.DriverSetUp" name="@AfterSuite terminateconfig" time="0.0">
    <ignored/>
  </testcase> <!-- @AfterSuite terminateconfig -->
  <testcase classname="TestScript.LoginPageTest" name="validateLoginPage_login" time="0.0">
    <ignored/>
  </testcase> <!-- validateLoginPage_login -->
  <testcase classname="BaseTest.DriverSetUp" name="@BeforeSuite loadConfig" time="0.0">
    <ignored/>
  </testcase> <!-- @BeforeSuite loadConfig -->
  <testcase classname="BaseTest.DriverSetUp" name="@AfterSuite terminateconfig" time="0.0">
    <ignored/>
  </testcase> <!-- @AfterSuite terminateconfig -->
</testsuite> <!-- Test -->
