<?xml version="1.0" encoding="UTF-8"?>
<!-- Generated by org.testng.reporters.JUnitXMLReporter -->
<testsuite ignored="6" hostname="DESKTOP-B0DD0C2" failures="0" tests="0" name="Login Test" time="4.045" errors="0" timestamp="2024-08-22T14:42:30 IST">
  <testcase classname="TestScript.ProductPageTest" name="ProductPageValidation" time="0.0">
    <ignored/>
  </testcase> <!-- ProductPageValidation -->
  <testcase classname="TestScript.ProductPageTest" name="addProductToCart" time="0.0">
    <ignored/>
  </testcase> <!-- addProductToCart -->
  <testcase classname="TestScript.ProductPageTest" name="validateISProductDisplayed" time="0.0">
    <ignored/>
  </testcase> <!-- validateISProductDisplayed -->
  <testcase classname="TestScript.CartPageTest" name="validateContinueShoppingFunctionality" time="0.0">
    <ignored/>
  </testcase> <!-- validateContinueShoppingFunctionality -->
  <testcase classname="TestScript.CartPageTest" name="ValidateCheckoutFunctionality" time="0.0">
    <ignored/>
  </testcase> <!-- ValidateCheckoutFunctionality -->
  <testcase classname="TestScript.LoginPageTest" name="validateLoginWithOutAnyValue" time="0.0">
    <ignored/>
  </testcase> <!-- validateLoginWithOutAnyValue -->
</testsuite> <!-- Login Test -->
