<?xml version="1.0" encoding="UTF-8"?>
<!-- Generated by org.testng.reporters.JUnitXMLReporter -->
<testsuite ignored="2" hostname="DESKTOP-B0DD0C2" failures="1" tests="2" name="Login Test" time="8.064" errors="0" timestamp="2024-08-21T23:43:27 IST">
  <testcase classname="TestScript.LoginPageTest" name="validateLoginPage_Labels" time="0.264">
    <failure type="java.lang.AssertionError" message="expected [wag Labs] but found [Swag Labs]">
      <![CDATA[java.lang.AssertionError: expected [wag Labs] but found [Swag Labs]
at Page.LoginPageObject.getLoginPageTitle(LoginPageObject.java:48)
at TestScript.LoginPageTest.validateLoginPage_Labels(LoginPageTest.java:23)
at java.base/java.util.concurrent.Executors$RunnableAdapter.call(Executors.java:539)
at java.base/java.util.concurrent.FutureTask.run(FutureTask.java:264)
at java.base/java.util.concurrent.ThreadPoolExecutor.runWorker(ThreadPoolExecutor.java:1136)
at java.base/java.util.concurrent.ThreadPoolExecutor$Worker.run(ThreadPoolExecutor.java:635)
at java.base/java.lang.Thread.run(Thread.java:833)
... Removed 19 stack frames]]>
    </failure>
  </testcase> <!-- validateLoginPage_Labels -->
  <testcase classname="TestScript.ProductPageTest" name="validateLoginPage_Labels" time="0.582"/>
  <testcase classname="TestScript.LoginPageTest" name="validateLoginPage_login" time="0.0">
    <ignored/>
  </testcase> <!-- validateLoginPage_login -->
  <testcase classname="TestScript.LoginPageTest" name="validateLoginWithOutAnyValue" time="0.0">
    <ignored/>
  </testcase> <!-- validateLoginWithOutAnyValue -->
</testsuite> <!-- Login Test -->
