<?xml version="1.0" encoding="UTF-8"?>
<testng-results ignored="0" total="5" passed="4" failed="1" skipped="0">
  <reporter-output>
  </reporter-output>
  <suite started-at="2024-08-22T04:33:49 IST" name="All Test Suite" finished-at="2024-08-22T04:34:02 IST" duration-ms="13684">
    <groups>
    </groups>
    <test started-at="2024-08-22T04:33:49 IST" name="Login Test" finished-at="2024-08-22T04:34:02 IST" duration-ms="13684">
      <class name="TestScript.LoginPageTest">
        <test-method is-config="true" signature="setUp()[pri:0, instance:TestScript.LoginPageTest@795509d9]" started-at="2024-08-22T04:33:49 IST" name="setUp" finished-at="2024-08-22T04:33:54 IST" duration-ms="5224" status="PASS">
          <reporter-output>
          </reporter-output>
        </test-method> <!-- setUp -->
        <test-method signature="validateLoginPage_Labels()[pri:0, instance:TestScript.LoginPageTest@795509d9]" started-at="2024-08-22T04:33:54 IST" name="validateLoginPage_Labels" finished-at="2024-08-22T04:33:54 IST" duration-ms="117" status="FAIL">
          <exception class="java.lang.AssertionError">
            <message>
              <![CDATA[expected [wag Labs] but found [Swag Labs]]]>
            </message>
            <full-stacktrace>
              <![CDATA[java.lang.AssertionError: expected [wag Labs] but found [Swag Labs]
at org.testng.Assert.fail(Assert.java:111)
at org.testng.Assert.failNotEquals(Assert.java:1578)
at org.testng.Assert.assertEqualsImpl(Assert.java:150)
at org.testng.Assert.assertEquals(Assert.java:132)
at org.testng.Assert.assertEquals(Assert.java:656)
at org.testng.Assert.assertEquals(Assert.java:666)
at Page.LoginPageObject.getLoginPageTitle(LoginPageObject.java:48)
at TestScript.LoginPageTest.validateLoginPage_Labels(LoginPageTest.java:30)
at java.base/jdk.internal.reflect.NativeMethodAccessorImpl.invoke0(Native Method)
at java.base/jdk.internal.reflect.NativeMethodAccessorImpl.invoke(NativeMethodAccessorImpl.java:77)
at java.base/jdk.internal.reflect.DelegatingMethodAccessorImpl.invoke(DelegatingMethodAccessorImpl.java:43)
at java.base/java.lang.reflect.Method.invoke(Method.java:568)
at org.testng.internal.invokers.MethodInvocationHelper.invokeMethod(MethodInvocationHelper.java:141)
at org.testng.internal.invokers.TestInvoker.invokeMethod(TestInvoker.java:686)
at org.testng.internal.invokers.TestInvoker.invokeTestMethod(TestInvoker.java:230)
at org.testng.internal.invokers.MethodRunner.runInSequence(MethodRunner.java:63)
at org.testng.internal.invokers.TestInvoker$MethodInvocationAgent.invoke(TestInvoker.java:992)
at org.testng.internal.invokers.TestInvoker.invokeTestMethods(TestInvoker.java:203)
at org.testng.internal.invokers.TestMethodWorker.invokeTestMethods(TestMethodWorker.java:154)
at org.testng.internal.invokers.TestMethodWorker.run(TestMethodWorker.java:134)
at java.base/java.util.concurrent.Executors$RunnableAdapter.call(Executors.java:539)
at java.base/java.util.concurrent.FutureTask.run(FutureTask.java:264)
at org.testng.internal.thread.graph.TestNGFutureTask.run(TestNGFutureTask.java:22)
at java.base/java.util.concurrent.ThreadPoolExecutor.runWorker(ThreadPoolExecutor.java:1136)
at java.base/java.util.concurrent.ThreadPoolExecutor$Worker.run(ThreadPoolExecutor.java:635)
at java.base/java.lang.Thread.run(Thread.java:833)
]]>
            </full-stacktrace>
          </exception> <!-- java.lang.AssertionError -->
          <reporter-output>
          </reporter-output>
        </test-method> <!-- validateLoginPage_Labels -->
        <test-method is-config="true" signature="tearDown()[pri:0, instance:TestScript.LoginPageTest@795509d9]" started-at="2024-08-22T04:33:54 IST" name="tearDown" finished-at="2024-08-22T04:33:55 IST" duration-ms="495" status="PASS">
          <reporter-output>
          </reporter-output>
        </test-method> <!-- tearDown -->
        <test-method is-config="true" signature="setUp()[pri:0, instance:TestScript.LoginPageTest@795509d9]" started-at="2024-08-22T04:33:55 IST" name="setUp" finished-at="2024-08-22T04:33:57 IST" duration-ms="1986" status="PASS">
          <reporter-output>
          </reporter-output>
        </test-method> <!-- setUp -->
        <test-method signature="validateLoginPage_login(java.lang.String,java.lang.String)[pri:1, instance:TestScript.LoginPageTest@795509d9]" started-at="2024-08-22T04:33:57 IST" name="validateLoginPage_login" data-provider="testData" finished-at="2024-08-22T04:33:58 IST" duration-ms="366" status="PASS">
          <params>
            <param index="0">
              <value>
                <![CDATA[standard_user]]>
              </value>
            </param>
            <param index="1">
              <value>
                <![CDATA[secret_sauce]]>
              </value>
            </param>
          </params>
          <reporter-output>
          </reporter-output>
        </test-method> <!-- validateLoginPage_login -->
        <test-method is-config="true" signature="tearDown()[pri:0, instance:TestScript.LoginPageTest@795509d9]" started-at="2024-08-22T04:33:58 IST" name="tearDown" finished-at="2024-08-22T04:33:58 IST" duration-ms="236" status="PASS">
          <reporter-output>
          </reporter-output>
        </test-method> <!-- tearDown -->
        <test-method is-config="true" signature="setUp()[pri:0, instance:TestScript.LoginPageTest@795509d9]" started-at="2024-08-22T04:33:58 IST" name="setUp" finished-at="2024-08-22T04:34:00 IST" duration-ms="1716" status="PASS">
          <reporter-output>
          </reporter-output>
        </test-method> <!-- setUp -->
        <test-method signature="validateLoginPage_login(java.lang.String,java.lang.String)[pri:1, instance:TestScript.LoginPageTest@795509d9]" started-at="2024-08-22T04:34:00 IST" name="validateLoginPage_login" data-provider="testData" finished-at="2024-08-22T04:34:00 IST" duration-ms="418" status="PASS">
          <params>
            <param index="0">
              <value>
                <![CDATA[standard_user]]>
              </value>
            </param>
            <param index="1">
              <value>
                <![CDATA[secret_sauce]]>
              </value>
            </param>
          </params>
          <reporter-output>
          </reporter-output>
        </test-method> <!-- validateLoginPage_login -->
        <test-method is-config="true" signature="tearDown()[pri:0, instance:TestScript.LoginPageTest@795509d9]" started-at="2024-08-22T04:34:00 IST" name="tearDown" finished-at="2024-08-22T04:34:00 IST" duration-ms="208" status="PASS">
          <reporter-output>
          </reporter-output>
        </test-method> <!-- tearDown -->
        <test-method is-config="true" signature="setUp()[pri:0, instance:TestScript.LoginPageTest@795509d9]" started-at="2024-08-22T04:34:00 IST" name="setUp" finished-at="2024-08-22T04:34:02 IST" duration-ms="1798" status="PASS">
          <reporter-output>
          </reporter-output>
        </test-method> <!-- setUp -->
        <test-method signature="validateLoginWithOutAnyValue()[pri:2, instance:TestScript.LoginPageTest@795509d9]" started-at="2024-08-22T04:34:02 IST" name="validateLoginWithOutAnyValue" finished-at="2024-08-22T04:34:02 IST" duration-ms="173" status="PASS">
          <reporter-output>
          </reporter-output>
        </test-method> <!-- validateLoginWithOutAnyValue -->
        <test-method is-config="true" signature="tearDown()[pri:0, instance:TestScript.LoginPageTest@795509d9]" started-at="2024-08-22T04:34:02 IST" name="tearDown" finished-at="2024-08-22T04:34:02 IST" duration-ms="229" status="PASS">
          <reporter-output>
          </reporter-output>
        </test-method> <!-- tearDown -->
      </class> <!-- TestScript.LoginPageTest -->
      <class name="TestScript.ProductPageTest">
        <test-method is-config="true" signature="setUp()[pri:0, instance:TestScript.ProductPageTest@268f106e]" started-at="2024-08-22T04:33:49 IST" name="setUp" finished-at="2024-08-22T04:33:54 IST" duration-ms="5232" status="PASS">
          <reporter-output>
          </reporter-output>
        </test-method> <!-- setUp -->
        <test-method signature="validateLoginPage_Labels()[pri:0, instance:TestScript.ProductPageTest@268f106e]" started-at="2024-08-22T04:33:54 IST" name="validateLoginPage_Labels" finished-at="2024-08-22T04:33:54 IST" duration-ms="395" status="PASS">
          <reporter-output>
          </reporter-output>
        </test-method> <!-- validateLoginPage_Labels -->
        <test-method is-config="true" signature="tearDown()[pri:0, instance:TestScript.ProductPageTest@268f106e]" started-at="2024-08-22T04:33:54 IST" name="tearDown" finished-at="2024-08-22T04:33:55 IST" duration-ms="427" status="PASS">
          <reporter-output>
          </reporter-output>
        </test-method> <!-- tearDown -->
      </class> <!-- TestScript.ProductPageTest -->
    </test> <!-- Login Test -->
  </suite> <!-- All Test Suite -->
</testng-results>
